Compiling the C compiler identification source file "CMakeCCompilerId.c" failed.
Compiler: /Library/Developer/CommandLineTools/usr/bin/cc 
Build flags: 
Id flags:  

The output was:
1
ld: library not found for -lSystem
clang: error: linker command failed with exit code 1 (use -v to see invocation)


Performing C SOURCE FILE Test HAVE_LD_VERSION_SCRIPT failed with the following output:
Change Dir: /Users/evakato/CLionProjects/CS334_beginner/deps/libtiff-master/build/CMakeFiles/CMakeTmp

Run Build Command(s):/usr/bin/make -f Makefile cmTC_79e7d/fast && /Library/Developer/CommandLineTools/usr/bin/make  -f CMakeFiles/cmTC_79e7d.dir/build.make CMakeFiles/cmTC_79e7d.dir/build
Building C object CMakeFiles/cmTC_79e7d.dir/src.c.o
/Library/Developer/CommandLineTools/usr/bin/cc -DHAVE_LD_VERSION_SCRIPT  -Wall -Winline -W -Wformat-security -Wpointer-arith -Wdisabled-optimization -Wno-unknown-pragmas -Wdeclaration-after-statement -fstrict-aliasing -Wl,--version-script=/Users/evakato/CLionProjects/CS334_beginner/deps/libtiff-master/build/conftest.map -arch arm64 -isysroot /Library/Developer/CommandLineTools/SDKs/MacOSX12.3.sdk -MD -MT CMakeFiles/cmTC_79e7d.dir/src.c.o -MF CMakeFiles/cmTC_79e7d.dir/src.c.o.d -o CMakeFiles/cmTC_79e7d.dir/src.c.o -c /Users/evakato/CLionProjects/CS334_beginner/deps/libtiff-master/build/CMakeFiles/CMakeTmp/src.c
clang: warning: -Wl,--version-script=/Users/evakato/CLionProjects/CS334_beginner/deps/libtiff-master/build/conftest.map: 'linker' input unused [-Wunused-command-line-argument]
Linking C executable cmTC_79e7d
/opt/homebrew/Cellar/cmake/3.24.1/bin/cmake -E cmake_link_script CMakeFiles/cmTC_79e7d.dir/link.txt --verbose=1
/Library/Developer/CommandLineTools/usr/bin/cc  -Wall -Winline -W -Wformat-security -Wpointer-arith -Wdisabled-optimization -Wno-unknown-pragmas -Wdeclaration-after-statement -fstrict-aliasing -Wl,--version-script=/Users/evakato/CLionProjects/CS334_beginner/deps/libtiff-master/build/conftest.map -arch arm64 -isysroot /Library/Developer/CommandLineTools/SDKs/MacOSX12.3.sdk -Wl,-search_paths_first -Wl,-headerpad_max_install_names CMakeFiles/cmTC_79e7d.dir/src.c.o -o cmTC_79e7d 
ld: unknown option: --version-script=/Users/evakato/CLionProjects/CS334_beginner/deps/libtiff-master/build/conftest.map
clang: error: linker command failed with exit code 1 (use -v to see invocation)
make[1]: *** [cmTC_79e7d] Error 1
make: *** [cmTC_79e7d/fast] Error 2


Source file was:
int main(void){return 0;}
Determining if the include file io.h exists failed with the following output:
Change Dir: /Users/evakato/CLionProjects/CS334_beginner/deps/libtiff-master/build/CMakeFiles/CMakeTmp

Run Build Command(s):/usr/bin/make -f Makefile cmTC_87d0e/fast && /Library/Developer/CommandLineTools/usr/bin/make  -f CMakeFiles/cmTC_87d0e.dir/build.make CMakeFiles/cmTC_87d0e.dir/build
Building C object CMakeFiles/cmTC_87d0e.dir/CheckIncludeFile.c.o
/Library/Developer/CommandLineTools/usr/bin/cc   -Wall -Winline -W -Wformat-security -Wpointer-arith -Wdisabled-optimization -Wno-unknown-pragmas -Wdeclaration-after-statement -fstrict-aliasing  -arch arm64 -isysroot /Library/Developer/CommandLineTools/SDKs/MacOSX12.3.sdk -MD -MT CMakeFiles/cmTC_87d0e.dir/CheckIncludeFile.c.o -MF CMakeFiles/cmTC_87d0e.dir/CheckIncludeFile.c.o.d -o CMakeFiles/cmTC_87d0e.dir/CheckIncludeFile.c.o -c /Users/evakato/CLionProjects/CS334_beginner/deps/libtiff-master/build/CMakeFiles/CMakeTmp/CheckIncludeFile.c
/Users/evakato/CLionProjects/CS334_beginner/deps/libtiff-master/build/CMakeFiles/CMakeTmp/CheckIncludeFile.c:1:10: fatal error: 'io.h' file not found
#include <io.h>
         ^~~~~~
1 error generated.
make[1]: *** [CMakeFiles/cmTC_87d0e.dir/CheckIncludeFile.c.o] Error 1
make: *** [cmTC_87d0e/fast] Error 2



Determining if the include file malloc.h exists failed with the following output:
Change Dir: /Users/evakato/CLionProjects/CS334_beginner/deps/libtiff-master/build/CMakeFiles/CMakeTmp

Run Build Command(s):/usr/bin/make -f Makefile cmTC_f051e/fast && /Library/Developer/CommandLineTools/usr/bin/make  -f CMakeFiles/cmTC_f051e.dir/build.make CMakeFiles/cmTC_f051e.dir/build
Building C object CMakeFiles/cmTC_f051e.dir/CheckIncludeFile.c.o
/Library/Developer/CommandLineTools/usr/bin/cc   -Wall -Winline -W -Wformat-security -Wpointer-arith -Wdisabled-optimization -Wno-unknown-pragmas -Wdeclaration-after-statement -fstrict-aliasing  -arch arm64 -isysroot /Library/Developer/CommandLineTools/SDKs/MacOSX12.3.sdk -MD -MT CMakeFiles/cmTC_f051e.dir/CheckIncludeFile.c.o -MF CMakeFiles/cmTC_f051e.dir/CheckIncludeFile.c.o.d -o CMakeFiles/cmTC_f051e.dir/CheckIncludeFile.c.o -c /Users/evakato/CLionProjects/CS334_beginner/deps/libtiff-master/build/CMakeFiles/CMakeTmp/CheckIncludeFile.c
/Users/evakato/CLionProjects/CS334_beginner/deps/libtiff-master/build/CMakeFiles/CMakeTmp/CheckIncludeFile.c:1:10: fatal error: 'malloc.h' file not found
#include <malloc.h>
         ^~~~~~~~~~
1 error generated.
make[1]: *** [CMakeFiles/cmTC_f051e.dir/CheckIncludeFile.c.o] Error 1
make: *** [cmTC_f051e/fast] Error 2



Determining size of INT8 failed with the following output:
Change Dir: /Users/evakato/CLionProjects/CS334_beginner/deps/libtiff-master/build/CMakeFiles/CMakeTmp

Run Build Command(s):/usr/bin/make -f Makefile cmTC_c2a13/fast && /Library/Developer/CommandLineTools/usr/bin/make  -f CMakeFiles/cmTC_c2a13.dir/build.make CMakeFiles/cmTC_c2a13.dir/build
Building C object CMakeFiles/cmTC_c2a13.dir/int8.c.o
/Library/Developer/CommandLineTools/usr/bin/cc   -Wall -Winline -W -Wformat-security -Wpointer-arith -Wdisabled-optimization -Wno-unknown-pragmas -Wdeclaration-after-statement -fstrict-aliasing  -arch arm64 -isysroot /Library/Developer/CommandLineTools/SDKs/MacOSX12.3.sdk -MD -MT CMakeFiles/cmTC_c2a13.dir/int8.c.o -MF CMakeFiles/cmTC_c2a13.dir/int8.c.o.d -o CMakeFiles/cmTC_c2a13.dir/int8.c.o -c /Users/evakato/CLionProjects/CS334_beginner/deps/libtiff-master/build/CMakeFiles/CheckTypeSize/int8.c
/Users/evakato/CLionProjects/CS334_beginner/deps/libtiff-master/build/CMakeFiles/CheckTypeSize/int8.c:29:12: error: use of undeclared identifier 'INT8'
  ('0' + ((SIZE / 10000)%10)),
           ^
/Users/evakato/CLionProjects/CS334_beginner/deps/libtiff-master/build/CMakeFiles/CheckTypeSize/int8.c:27:22: note: expanded from macro 'SIZE'
#define SIZE (sizeof(INT8))
                     ^
/Users/evakato/CLionProjects/CS334_beginner/deps/libtiff-master/build/CMakeFiles/CheckTypeSize/int8.c:30:12: error: use of undeclared identifier 'INT8'
  ('0' + ((SIZE / 1000)%10)),
           ^
/Users/evakato/CLionProjects/CS334_beginner/deps/libtiff-master/build/CMakeFiles/CheckTypeSize/int8.c:27:22: note: expanded from macro 'SIZE'
#define SIZE (sizeof(INT8))
                     ^
/Users/evakato/CLionProjects/CS334_beginner/deps/libtiff-master/build/CMakeFiles/CheckTypeSize/int8.c:31:12: error: use of undeclared identifier 'INT8'
  ('0' + ((SIZE / 100)%10)),
           ^
/Users/evakato/CLionProjects/CS334_beginner/deps/libtiff-master/build/CMakeFiles/CheckTypeSize/int8.c:27:22: note: expanded from macro 'SIZE'
#define SIZE (sizeof(INT8))
                     ^
/Users/evakato/CLionProjects/CS334_beginner/deps/libtiff-master/build/CMakeFiles/CheckTypeSize/int8.c:32:12: error: use of undeclared identifier 'INT8'
  ('0' + ((SIZE / 10)%10)),
           ^
/Users/evakato/CLionProjects/CS334_beginner/deps/libtiff-master/build/CMakeFiles/CheckTypeSize/int8.c:27:22: note: expanded from macro 'SIZE'
#define SIZE (sizeof(INT8))
                     ^
/Users/evakato/CLionProjects/CS334_beginner/deps/libtiff-master/build/CMakeFiles/CheckTypeSize/int8.c:33:12: error: use of undeclared identifier 'INT8'
  ('0' +  (SIZE    % 10)),
           ^
/Users/evakato/CLionProjects/CS334_beginner/deps/libtiff-master/build/CMakeFiles/CheckTypeSize/int8.c:27:22: note: expanded from macro 'SIZE'
#define SIZE (sizeof(INT8))
                     ^
5 errors generated.
make[1]: *** [CMakeFiles/cmTC_c2a13.dir/int8.c.o] Error 1
make: *** [cmTC_c2a13/fast] Error 2


/Users/evakato/CLionProjects/CS334_beginner/deps/libtiff-master/build/CMakeFiles/CheckTypeSize/int8.c:
#include <sys/types.h>
#include <stdint.h>
#include <stddef.h>


#undef KEY
#if defined(__i386)
# define KEY '_','_','i','3','8','6'
#elif defined(__x86_64)
# define KEY '_','_','x','8','6','_','6','4'
#elif defined(__PPC64__)
# define KEY '_','_','P','P','C','6','4','_','_'
#elif defined(__ppc64__)
# define KEY '_','_','p','p','c','6','4','_','_'
#elif defined(__PPC__)
# define KEY '_','_','P','P','C','_','_'
#elif defined(__ppc__)
# define KEY '_','_','p','p','c','_','_'
#elif defined(__aarch64__)
# define KEY '_','_','a','a','r','c','h','6','4','_','_'
#elif defined(__ARM_ARCH_7A__)
# define KEY '_','_','A','R','M','_','A','R','C','H','_','7','A','_','_'
#elif defined(__ARM_ARCH_7S__)
# define KEY '_','_','A','R','M','_','A','R','C','H','_','7','S','_','_'
#endif

#define SIZE (sizeof(INT8))
static char info_size[] =  {'I', 'N', 'F', 'O', ':', 's','i','z','e','[',
  ('0' + ((SIZE / 10000)%10)),
  ('0' + ((SIZE / 1000)%10)),
  ('0' + ((SIZE / 100)%10)),
  ('0' + ((SIZE / 10)%10)),
  ('0' +  (SIZE    % 10)),
  ']',
#ifdef KEY
  ' ','k','e','y','[', KEY, ']',
#endif
  '\0'};

#ifdef __CLASSIC_C__
int main(argc, argv) int argc; char *argv[];
#else
int main(int argc, char *argv[])
#endif
{
  int require = 0;
  require += info_size[argc];
  (void)argv;
  return require;
}


Determining size of INT16 failed with the following output:
Change Dir: /Users/evakato/CLionProjects/CS334_beginner/deps/libtiff-master/build/CMakeFiles/CMakeTmp

Run Build Command(s):/usr/bin/make -f Makefile cmTC_31040/fast && /Library/Developer/CommandLineTools/usr/bin/make  -f CMakeFiles/cmTC_31040.dir/build.make CMakeFiles/cmTC_31040.dir/build
Building C object CMakeFiles/cmTC_31040.dir/int16.c.o
/Library/Developer/CommandLineTools/usr/bin/cc   -Wall -Winline -W -Wformat-security -Wpointer-arith -Wdisabled-optimization -Wno-unknown-pragmas -Wdeclaration-after-statement -fstrict-aliasing  -arch arm64 -isysroot /Library/Developer/CommandLineTools/SDKs/MacOSX12.3.sdk -MD -MT CMakeFiles/cmTC_31040.dir/int16.c.o -MF CMakeFiles/cmTC_31040.dir/int16.c.o.d -o CMakeFiles/cmTC_31040.dir/int16.c.o -c /Users/evakato/CLionProjects/CS334_beginner/deps/libtiff-master/build/CMakeFiles/CheckTypeSize/int16.c
/Users/evakato/CLionProjects/CS334_beginner/deps/libtiff-master/build/CMakeFiles/CheckTypeSize/int16.c:29:12: error: use of undeclared identifier 'INT16'
  ('0' + ((SIZE / 10000)%10)),
           ^
/Users/evakato/CLionProjects/CS334_beginner/deps/libtiff-master/build/CMakeFiles/CheckTypeSize/int16.c:27:22: note: expanded from macro 'SIZE'
#define SIZE (sizeof(INT16))
                     ^
/Users/evakato/CLionProjects/CS334_beginner/deps/libtiff-master/build/CMakeFiles/CheckTypeSize/int16.c:30:12: error: use of undeclared identifier 'INT16'
  ('0' + ((SIZE / 1000)%10)),
           ^
/Users/evakato/CLionProjects/CS334_beginner/deps/libtiff-master/build/CMakeFiles/CheckTypeSize/int16.c:27:22: note: expanded from macro 'SIZE'
#define SIZE (sizeof(INT16))
                     ^
/Users/evakato/CLionProjects/CS334_beginner/deps/libtiff-master/build/CMakeFiles/CheckTypeSize/int16.c:31:12: error: use of undeclared identifier 'INT16'
  ('0' + ((SIZE / 100)%10)),
           ^
/Users/evakato/CLionProjects/CS334_beginner/deps/libtiff-master/build/CMakeFiles/CheckTypeSize/int16.c:27:22: note: expanded from macro 'SIZE'
#define SIZE (sizeof(INT16))
                     ^
/Users/evakato/CLionProjects/CS334_beginner/deps/libtiff-master/build/CMakeFiles/CheckTypeSize/int16.c:32:12: error: use of undeclared identifier 'INT16'
  ('0' + ((SIZE / 10)%10)),
           ^
/Users/evakato/CLionProjects/CS334_beginner/deps/libtiff-master/build/CMakeFiles/CheckTypeSize/int16.c:27:22: note: expanded from macro 'SIZE'
#define SIZE (sizeof(INT16))
                     ^
/Users/evakato/CLionProjects/CS334_beginner/deps/libtiff-master/build/CMakeFiles/CheckTypeSize/int16.c:33:12: error: use of undeclared identifier 'INT16'
  ('0' +  (SIZE    % 10)),
           ^
/Users/evakato/CLionProjects/CS334_beginner/deps/libtiff-master/build/CMakeFiles/CheckTypeSize/int16.c:27:22: note: expanded from macro 'SIZE'
#define SIZE (sizeof(INT16))
                     ^
5 errors generated.
make[1]: *** [CMakeFiles/cmTC_31040.dir/int16.c.o] Error 1
make: *** [cmTC_31040/fast] Error 2


/Users/evakato/CLionProjects/CS334_beginner/deps/libtiff-master/build/CMakeFiles/CheckTypeSize/int16.c:
#include <sys/types.h>
#include <stdint.h>
#include <stddef.h>


#undef KEY
#if defined(__i386)
# define KEY '_','_','i','3','8','6'
#elif defined(__x86_64)
# define KEY '_','_','x','8','6','_','6','4'
#elif defined(__PPC64__)
# define KEY '_','_','P','P','C','6','4','_','_'
#elif defined(__ppc64__)
# define KEY '_','_','p','p','c','6','4','_','_'
#elif defined(__PPC__)
# define KEY '_','_','P','P','C','_','_'
#elif defined(__ppc__)
# define KEY '_','_','p','p','c','_','_'
#elif defined(__aarch64__)
# define KEY '_','_','a','a','r','c','h','6','4','_','_'
#elif defined(__ARM_ARCH_7A__)
# define KEY '_','_','A','R','M','_','A','R','C','H','_','7','A','_','_'
#elif defined(__ARM_ARCH_7S__)
# define KEY '_','_','A','R','M','_','A','R','C','H','_','7','S','_','_'
#endif

#define SIZE (sizeof(INT16))
static char info_size[] =  {'I', 'N', 'F', 'O', ':', 's','i','z','e','[',
  ('0' + ((SIZE / 10000)%10)),
  ('0' + ((SIZE / 1000)%10)),
  ('0' + ((SIZE / 100)%10)),
  ('0' + ((SIZE / 10)%10)),
  ('0' +  (SIZE    % 10)),
  ']',
#ifdef KEY
  ' ','k','e','y','[', KEY, ']',
#endif
  '\0'};

#ifdef __CLASSIC_C__
int main(argc, argv) int argc; char *argv[];
#else
int main(int argc, char *argv[])
#endif
{
  int require = 0;
  require += info_size[argc];
  (void)argv;
  return require;
}


Determining size of INT32 failed with the following output:
Change Dir: /Users/evakato/CLionProjects/CS334_beginner/deps/libtiff-master/build/CMakeFiles/CMakeTmp

Run Build Command(s):/usr/bin/make -f Makefile cmTC_2d32a/fast && /Library/Developer/CommandLineTools/usr/bin/make  -f CMakeFiles/cmTC_2d32a.dir/build.make CMakeFiles/cmTC_2d32a.dir/build
Building C object CMakeFiles/cmTC_2d32a.dir/int32.c.o
/Library/Developer/CommandLineTools/usr/bin/cc   -Wall -Winline -W -Wformat-security -Wpointer-arith -Wdisabled-optimization -Wno-unknown-pragmas -Wdeclaration-after-statement -fstrict-aliasing  -arch arm64 -isysroot /Library/Developer/CommandLineTools/SDKs/MacOSX12.3.sdk -MD -MT CMakeFiles/cmTC_2d32a.dir/int32.c.o -MF CMakeFiles/cmTC_2d32a.dir/int32.c.o.d -o CMakeFiles/cmTC_2d32a.dir/int32.c.o -c /Users/evakato/CLionProjects/CS334_beginner/deps/libtiff-master/build/CMakeFiles/CheckTypeSize/int32.c
/Users/evakato/CLionProjects/CS334_beginner/deps/libtiff-master/build/CMakeFiles/CheckTypeSize/int32.c:29:12: error: use of undeclared identifier 'INT32'
  ('0' + ((SIZE / 10000)%10)),
           ^
/Users/evakato/CLionProjects/CS334_beginner/deps/libtiff-master/build/CMakeFiles/CheckTypeSize/int32.c:27:22: note: expanded from macro 'SIZE'
#define SIZE (sizeof(INT32))
                     ^
/Users/evakato/CLionProjects/CS334_beginner/deps/libtiff-master/build/CMakeFiles/CheckTypeSize/int32.c:30:12: error: use of undeclared identifier 'INT32'
  ('0' + ((SIZE / 1000)%10)),
           ^
/Users/evakato/CLionProjects/CS334_beginner/deps/libtiff-master/build/CMakeFiles/CheckTypeSize/int32.c:27:22: note: expanded from macro 'SIZE'
#define SIZE (sizeof(INT32))
                     ^
/Users/evakato/CLionProjects/CS334_beginner/deps/libtiff-master/build/CMakeFiles/CheckTypeSize/int32.c:31:12: error: use of undeclared identifier 'INT32'
  ('0' + ((SIZE / 100)%10)),
           ^
/Users/evakato/CLionProjects/CS334_beginner/deps/libtiff-master/build/CMakeFiles/CheckTypeSize/int32.c:27:22: note: expanded from macro 'SIZE'
#define SIZE (sizeof(INT32))
                     ^
/Users/evakato/CLionProjects/CS334_beginner/deps/libtiff-master/build/CMakeFiles/CheckTypeSize/int32.c:32:12: error: use of undeclared identifier 'INT32'
  ('0' + ((SIZE / 10)%10)),
           ^
/Users/evakato/CLionProjects/CS334_beginner/deps/libtiff-master/build/CMakeFiles/CheckTypeSize/int32.c:27:22: note: expanded from macro 'SIZE'
#define SIZE (sizeof(INT32))
                     ^
/Users/evakato/CLionProjects/CS334_beginner/deps/libtiff-master/build/CMakeFiles/CheckTypeSize/int32.c:33:12: error: use of undeclared identifier 'INT32'
  ('0' +  (SIZE    % 10)),
           ^
/Users/evakato/CLionProjects/CS334_beginner/deps/libtiff-master/build/CMakeFiles/CheckTypeSize/int32.c:27:22: note: expanded from macro 'SIZE'
#define SIZE (sizeof(INT32))
                     ^
5 errors generated.
make[1]: *** [CMakeFiles/cmTC_2d32a.dir/int32.c.o] Error 1
make: *** [cmTC_2d32a/fast] Error 2


/Users/evakato/CLionProjects/CS334_beginner/deps/libtiff-master/build/CMakeFiles/CheckTypeSize/int32.c:
#include <sys/types.h>
#include <stdint.h>
#include <stddef.h>


#undef KEY
#if defined(__i386)
# define KEY '_','_','i','3','8','6'
#elif defined(__x86_64)
# define KEY '_','_','x','8','6','_','6','4'
#elif defined(__PPC64__)
# define KEY '_','_','P','P','C','6','4','_','_'
#elif defined(__ppc64__)
# define KEY '_','_','p','p','c','6','4','_','_'
#elif defined(__PPC__)
# define KEY '_','_','P','P','C','_','_'
#elif defined(__ppc__)
# define KEY '_','_','p','p','c','_','_'
#elif defined(__aarch64__)
# define KEY '_','_','a','a','r','c','h','6','4','_','_'
#elif defined(__ARM_ARCH_7A__)
# define KEY '_','_','A','R','M','_','A','R','C','H','_','7','A','_','_'
#elif defined(__ARM_ARCH_7S__)
# define KEY '_','_','A','R','M','_','A','R','C','H','_','7','S','_','_'
#endif

#define SIZE (sizeof(INT32))
static char info_size[] =  {'I', 'N', 'F', 'O', ':', 's','i','z','e','[',
  ('0' + ((SIZE / 10000)%10)),
  ('0' + ((SIZE / 1000)%10)),
  ('0' + ((SIZE / 100)%10)),
  ('0' + ((SIZE / 10)%10)),
  ('0' +  (SIZE    % 10)),
  ']',
#ifdef KEY
  ' ','k','e','y','[', KEY, ']',
#endif
  '\0'};

#ifdef __CLASSIC_C__
int main(argc, argv) int argc; char *argv[];
#else
int main(int argc, char *argv[])
#endif
{
  int require = 0;
  require += info_size[argc];
  (void)argv;
  return require;
}


Determining if the function jbg_newlen exists failed with the following output:
Change Dir: /Users/evakato/CLionProjects/CS334_beginner/deps/libtiff-master/build/CMakeFiles/CMakeTmp

Run Build Command(s):/usr/bin/make -f Makefile cmTC_69c74/fast && /Library/Developer/CommandLineTools/usr/bin/make  -f CMakeFiles/cmTC_69c74.dir/build.make CMakeFiles/cmTC_69c74.dir/build
Building C object CMakeFiles/cmTC_69c74.dir/CheckFunctionExists.c.o
/Library/Developer/CommandLineTools/usr/bin/cc   -Wall -Winline -W -Wformat-security -Wpointer-arith -Wdisabled-optimization -Wno-unknown-pragmas -Wdeclaration-after-statement -fstrict-aliasing -DCHECK_FUNCTION_EXISTS=jbg_newlen -arch arm64 -isysroot /Library/Developer/CommandLineTools/SDKs/MacOSX12.3.sdk -MD -MT CMakeFiles/cmTC_69c74.dir/CheckFunctionExists.c.o -MF CMakeFiles/cmTC_69c74.dir/CheckFunctionExists.c.o.d -o CMakeFiles/cmTC_69c74.dir/CheckFunctionExists.c.o -c /opt/homebrew/Cellar/cmake/3.24.1/share/cmake/Modules/CheckFunctionExists.c
Linking C executable cmTC_69c74
/opt/homebrew/Cellar/cmake/3.24.1/bin/cmake -E cmake_link_script CMakeFiles/cmTC_69c74.dir/link.txt --verbose=1
/Library/Developer/CommandLineTools/usr/bin/cc  -Wall -Winline -W -Wformat-security -Wpointer-arith -Wdisabled-optimization -Wno-unknown-pragmas -Wdeclaration-after-statement -fstrict-aliasing -DCHECK_FUNCTION_EXISTS=jbg_newlen -arch arm64 -isysroot /Library/Developer/CommandLineTools/SDKs/MacOSX12.3.sdk -Wl,-search_paths_first -Wl,-headerpad_max_install_names CMakeFiles/cmTC_69c74.dir/CheckFunctionExists.c.o -o cmTC_69c74 
Undefined symbols for architecture arm64:
  "_jbg_newlen", referenced from:
      _main in CheckFunctionExists.c.o
ld: symbol(s) not found for architecture arm64
clang: error: linker command failed with exit code 1 (use -v to see invocation)
make[1]: *** [cmTC_69c74] Error 1
make: *** [cmTC_69c74/fast] Error 2



Compiling the CXX compiler identification source file "CMakeCXXCompilerId.cpp" failed.
Compiler: /Library/Developer/CommandLineTools/usr/bin/c++ 
Build flags: 
Id flags:  

The output was:
1
ld: library not found for -lc++
clang: error: linker command failed with exit code 1 (use -v to see invocation)


Determining if the include file GL/gl.h exists failed with the following output:
Change Dir: /Users/evakato/CLionProjects/CS334_beginner/deps/libtiff-master/build/CMakeFiles/CMakeTmp

Run Build Command(s):/usr/bin/make -f Makefile cmTC_aa49c/fast && /Library/Developer/CommandLineTools/usr/bin/make  -f CMakeFiles/cmTC_aa49c.dir/build.make CMakeFiles/cmTC_aa49c.dir/build
Building C object CMakeFiles/cmTC_aa49c.dir/CheckIncludeFile.c.o
/Library/Developer/CommandLineTools/usr/bin/cc   -Wall -Winline -W -Wformat-security -Wpointer-arith -Wdisabled-optimization -Wno-unknown-pragmas -Wdeclaration-after-statement -fstrict-aliasing  -arch arm64 -isysroot /Library/Developer/CommandLineTools/SDKs/MacOSX12.3.sdk -MD -MT CMakeFiles/cmTC_aa49c.dir/CheckIncludeFile.c.o -MF CMakeFiles/cmTC_aa49c.dir/CheckIncludeFile.c.o.d -o CMakeFiles/cmTC_aa49c.dir/CheckIncludeFile.c.o -c /Users/evakato/CLionProjects/CS334_beginner/deps/libtiff-master/build/CMakeFiles/CMakeTmp/CheckIncludeFile.c
/Users/evakato/CLionProjects/CS334_beginner/deps/libtiff-master/build/CMakeFiles/CMakeTmp/CheckIncludeFile.c:1:10: fatal error: 'GL/gl.h' file not found
#include <GL/gl.h>
         ^~~~~~~~~
1 error generated.
make[1]: *** [CMakeFiles/cmTC_aa49c.dir/CheckIncludeFile.c.o] Error 1
make: *** [cmTC_aa49c/fast] Error 2



Determining if the include file GL/glu.h exists failed with the following output:
Change Dir: /Users/evakato/CLionProjects/CS334_beginner/deps/libtiff-master/build/CMakeFiles/CMakeTmp

Run Build Command(s):/usr/bin/make -f Makefile cmTC_286b3/fast && /Library/Developer/CommandLineTools/usr/bin/make  -f CMakeFiles/cmTC_286b3.dir/build.make CMakeFiles/cmTC_286b3.dir/build
Building C object CMakeFiles/cmTC_286b3.dir/CheckIncludeFile.c.o
/Library/Developer/CommandLineTools/usr/bin/cc   -Wall -Winline -W -Wformat-security -Wpointer-arith -Wdisabled-optimization -Wno-unknown-pragmas -Wdeclaration-after-statement -fstrict-aliasing  -arch arm64 -isysroot /Library/Developer/CommandLineTools/SDKs/MacOSX12.3.sdk -MD -MT CMakeFiles/cmTC_286b3.dir/CheckIncludeFile.c.o -MF CMakeFiles/cmTC_286b3.dir/CheckIncludeFile.c.o.d -o CMakeFiles/cmTC_286b3.dir/CheckIncludeFile.c.o -c /Users/evakato/CLionProjects/CS334_beginner/deps/libtiff-master/build/CMakeFiles/CMakeTmp/CheckIncludeFile.c
/Users/evakato/CLionProjects/CS334_beginner/deps/libtiff-master/build/CMakeFiles/CMakeTmp/CheckIncludeFile.c:1:10: fatal error: 'GL/glu.h' file not found
#include <GL/glu.h>
         ^~~~~~~~~~
1 error generated.
make[1]: *** [CMakeFiles/cmTC_286b3.dir/CheckIncludeFile.c.o] Error 1
make: *** [cmTC_286b3/fast] Error 2



Determining if the include file GL/glut.h exists failed with the following output:
Change Dir: /Users/evakato/CLionProjects/CS334_beginner/deps/libtiff-master/build/CMakeFiles/CMakeTmp

Run Build Command(s):/usr/bin/make -f Makefile cmTC_3e1b2/fast && /Library/Developer/CommandLineTools/usr/bin/make  -f CMakeFiles/cmTC_3e1b2.dir/build.make CMakeFiles/cmTC_3e1b2.dir/build
Building C object CMakeFiles/cmTC_3e1b2.dir/CheckIncludeFile.c.o
/Library/Developer/CommandLineTools/usr/bin/cc   -Wall -Winline -W -Wformat-security -Wpointer-arith -Wdisabled-optimization -Wno-unknown-pragmas -Wdeclaration-after-statement -fstrict-aliasing  -arch arm64 -isysroot /Library/Developer/CommandLineTools/SDKs/MacOSX12.3.sdk -MD -MT CMakeFiles/cmTC_3e1b2.dir/CheckIncludeFile.c.o -MF CMakeFiles/cmTC_3e1b2.dir/CheckIncludeFile.c.o.d -o CMakeFiles/cmTC_3e1b2.dir/CheckIncludeFile.c.o -c /Users/evakato/CLionProjects/CS334_beginner/deps/libtiff-master/build/CMakeFiles/CMakeTmp/CheckIncludeFile.c
/Users/evakato/CLionProjects/CS334_beginner/deps/libtiff-master/build/CMakeFiles/CMakeTmp/CheckIncludeFile.c:1:10: fatal error: 'GL/glut.h' file not found
#include <GL/glut.h>
         ^~~~~~~~~~~
1 error generated.
make[1]: *** [CMakeFiles/cmTC_3e1b2.dir/CheckIncludeFile.c.o] Error 1
make: *** [cmTC_3e1b2/fast] Error 2



